2025-3-28 17:09:40 - log: Load engine in C:\ProgramData\cocos\editors\Creator\3.8.2\resources\resources\3d\engine
2025-3-28 17:09:40 - log: Profile changed: engine (modules.includeModules: 2d,3d,animation,audio,base,geometry-renderer,gfx-webgl,intersection-2d,light-probe,occlusion-query,particle,physics-2d-box2d,physics-ammo,primitive,profiler,skeletal-animation,spine,terrain,tween,ui,websocket)
2025-3-28 17:09:40 - log: Register native engine in C:\ProgramData\cocos\editors\Creator\3.8.2\resources\resources\3d\engine\native
2025-3-28 17:10:04 - log: [Scene] meshopt wasm decoder initialized
2025-3-28 17:10:04 - log: [Scene] [box2d]:box2d wasm lib loaded.
2025-3-28 17:10:05 - log: [Scene] [bullet]:bullet wasm lib loaded.
2025-3-28 17:10:05 - log: [Scene] [PHYSICS]: using builtin.
2025-3-28 17:10:05 - log: [Scene] Cocos Creator v3.8.2
2025-3-28 17:10:05 - info: [Scene] Forward render pipeline initialized.
2025-3-28 17:10:05 - warn: [Scene] 'ToggleComponent' is deprecated since v1.2.0, please use 'Toggle' instead.Error: [Scene] 'ToggleComponent' is deprecated since v1.2.0, please use 'Toggle' instead.
    at warn (C:\ProgramData\cocos\editors\Creator\3.8.2\resources\resources\3d\engine\bin\.cache\dev\editor\bundled\index.js:148661:12)
    at warnID (C:\ProgramData\cocos\editors\Creator\3.8.2\resources\resources\3d\engine\bin\.cache\dev\editor\bundled\index.js:148843:5)
    at _checkObsoleteByName (C:\ProgramData\cocos\editors\Creator\3.8.2\resources\resources\3d\engine\bin\.cache\dev\editor\bundled\index.js:154098:7)
    at __checkObsolete__ (C:\ProgramData\cocos\editors\Creator\3.8.2\resources\resources\3d\engine\bin\.cache\dev\editor\bundled\index.js:154117:7)
    at Object.execute (file:///E:/CocosCreator/StormSunder_Github/StormSunder/temp/programming/packer-driver/targets/editor/chunks/46/46f51f6db62ca855fa530750bf780280174e8a32.js:28:7)
    at doExec (C:\ProgramData\cocos\editors\Creator\3.8.2\resources\app.asar\node_modules\@editor\lib-programming\static\executor\systemjs-bridge\out\index.js:517:30)
    at postOrderExec (C:\ProgramData\cocos\editors\Creator\3.8.2\resources\app.asar\node_modules\@editor\lib-programming\static\executor\systemjs-bridge\out\index.js:508:21)
2025-3-28 17:10:05 - warn: [Scene] No needs to indicate the 'cc.Boolean' attribute for "PropComponent.isMove", which its default value is type of Boolean.Error: [Scene] No needs to indicate the 'cc.Boolean' attribute for "PropComponent.isMove", which its default value is type of Boolean.
    at warn (C:\ProgramData\cocos\editors\Creator\3.8.2\resources\resources\3d\engine\bin\.cache\dev\editor\bundled\index.js:148661:12)
    at warnID (C:\ProgramData\cocos\editors\Creator\3.8.2\resources\resources\3d\engine\bin\.cache\dev\editor\bundled\index.js:148843:5)
    at Array.eval (C:\ProgramData\cocos\editors\Creator\3.8.2\resources\resources\3d\engine\bin\.cache\dev\editor\bundled\index.js:273312:11)
    at defineProp (C:\ProgramData\cocos\editors\Creator\3.8.2\resources\resources\3d\engine\bin\.cache\dev\editor\bundled\index.js:129523:27)
    at declareProperties (C:\ProgramData\cocos\editors\Creator\3.8.2\resources\resources\3d\engine\bin\.cache\dev\editor\bundled\index.js:129684:11)
    at CCClass (C:\ProgramData\cocos\editors\Creator\3.8.2\resources\resources\3d\engine\bin\.cache\dev\editor\bundled\index.js:129709:5)
    at eval (C:\ProgramData\cocos\editors\Creator\3.8.2\resources\resources\3d\engine\bin\.cache\dev\editor\bundled\index.js:271932:21)
2025-3-28 17:10:05 - log: [Scene] [PHYSICS]: switch from builtin to bullet.
2025-3-28 17:10:05 - log: [Scene] [PHYSICS2D]: switch from box2d-wasm to box2d.
2025-3-28 17:11:17 - error: Error occurred in handler for 'GUEST_VIEW_MANAGER_CALL': Error: Invalid guestInstanceId: 6
    at getGuestForWebContents (electron/js2c/browser_init.js:181:6307)
    at electron/js2c/browser_init.js:181:5372
    at electron/js2c/browser_init.js:181:1637
    at electron/js2c/browser_init.js:197:579
    at Object.<anonymous> (electron/js2c/browser_init.js:161:9782)
    at Object.emit (events.js:315:20)
    at Object.emit (domain.js:467:12)
